This file contains any messages produced by compilers while
running configure, to aid debugging if configure makes a mistake.

It was created by PROJ.4 Projections configure 4.8.0, which was
generated by GNU Autoconf 2.68.  Invocation command line was

  $ ./configure --build=x86_64-pc-linux-gnu --host=arm-linux-eabi

## --------- ##
## Platform. ##
## --------- ##

hostname = JaakMBP.local
uname -m = i386
uname -r = 11.4.2
uname -s = Darwin
uname -v = Darwin Kernel Version 11.4.2: Thu Aug 23 16:26:45 PDT 2012; root:xnu-1699.32.7~1/RELEASE_I386

/usr/bin/uname -p = i386
/bin/uname -X     = unknown

/bin/arch              = unknown
/usr/bin/arch -k       = unknown
/usr/convex/getsysinfo = unknown
/usr/bin/hostinfo      = Mach kernel version:
	 Darwin Kernel Version 11.4.2: Thu Aug 23 16:26:45 PDT 2012; root:xnu-1699.32.7~1/RELEASE_I386
Kernel configured for up to 4 processors.
2 processors are physically available.
4 processors are logically available.
Processor type: i486 (Intel 80486)
Processors active: 0 1 2 3
Primary memory available: 8.00 gigabytes
Default processor set: 175 tasks, 1240 threads, 4 processors
Load average: 2.58, Mach factor: 1.69
/bin/machine           = unknown
/usr/bin/oslevel       = unknown
/bin/universe          = unknown

PATH: /opt/local/bin
PATH: /opt/local/sbin
PATH: /Users/jaak/dev/apache-maven-3.0.3/bin
PATH: /usr/local/pgsql/bin
PATH: /usr/bin
PATH: /bin
PATH: /usr/sbin
PATH: /sbin
PATH: /usr/local/bin
PATH: /opt/X11/bin
PATH: /usr/X11/bin
PATH: /Users/jaak/dev/android-sdk-mac_x86/platform-tools
PATH: /Users/jaak/dev/android-sdk-mac_x86/tools
PATH: /Users/jaak/dev/android-ndk-r7b
PATH: /Library/Frameworks/GDAL.framework/Versions/1.9/Programs
PATH: /Users/jaak/dev/spatialite-tools-osx-x86-2.4.0/bin
PATH: /Users/jaak/.ec2/bin
PATH: //Users/jaak/oracle/product/10.2.0/db_2/bin
PATH: /Users/jaak/.manymo/bin


## ----------- ##
## Core tests. ##
## ----------- ##

configure:2241: checking for a BSD-compatible install
configure:2309: result: /usr/bin/install -c
configure:2320: checking whether build environment is sane
configure:2370: result: yes
configure:2419: checking for arm-linux-eabi-strip
configure:2449: result: no
configure:2459: checking for strip
configure:2475: found /usr/bin/strip
configure:2486: result: strip
configure:2498: WARNING: using cross tools not prefixed with host triplet
configure:2511: checking for a thread-safe mkdir -p
configure:2550: result: ./install-sh -c -d
configure:2563: checking for gawk
configure:2593: result: no
configure:2563: checking for mawk
configure:2593: result: no
configure:2563: checking for nawk
configure:2593: result: no
configure:2563: checking for awk
configure:2579: found /usr/bin/awk
configure:2590: result: awk
configure:2601: checking whether make sets $(MAKE)
configure:2623: result: yes
configure:2704: checking whether to enable maintainer-specific portions of Makefiles
configure:2713: result: no
configure:2737: checking for arm-linux-eabi-gcc
configure:2767: result: no
configure:2777: checking for gcc
configure:2793: found /usr/bin/gcc
configure:2804: result: gcc
configure:3033: checking for C compiler version
configure:3042: gcc --version >&5
i686-apple-darwin11-llvm-gcc-4.2 (GCC) 4.2.1 (Based on Apple Inc. build 5658) (LLVM build 2336.11.00)
Copyright (C) 2007 Free Software Foundation, Inc.
This is free software; see the source for copying conditions.  There is NO
warranty; not even for MERCHANTABILITY or FITNESS FOR A PARTICULAR PURPOSE.

configure:3053: $? = 0
configure:3042: gcc -v >&5
Using built-in specs.
Target: i686-apple-darwin11
Configured with: /private/var/tmp/llvmgcc42/llvmgcc42-2336.11~182/src/configure --disable-checking --enable-werror --prefix=/Applications/Xcode.app/Contents/Developer/usr/llvm-gcc-4.2 --mandir=/share/man --enable-languages=c,objc,c++,obj-c++ --program-prefix=llvm- --program-transform-name=/^[cg][^.-]*$/s/$/-4.2/ --with-slibdir=/usr/lib --build=i686-apple-darwin11 --enable-llvm=/private/var/tmp/llvmgcc42/llvmgcc42-2336.11~182/dst-llvmCore/Developer/usr/local --program-prefix=i686-apple-darwin11- --host=x86_64-apple-darwin11 --target=i686-apple-darwin11 --with-gxx-include-dir=/usr/include/c++/4.2.1
Thread model: posix
gcc version 4.2.1 (Based on Apple Inc. build 5658) (LLVM build 2336.11.00)
configure:3053: $? = 0
configure:3042: gcc -V >&5
llvm-gcc-4.2: argument to `-V' is missing
configure:3053: $? = 1
configure:3042: gcc -qversion >&5
i686-apple-darwin11-llvm-gcc-4.2: no input files
configure:3053: $? = 1
configure:3073: checking whether the C compiler works
configure:3095: gcc    conftest.c  >&5
configure:3099: $? = 0
configure:3147: result: yes
configure:3150: checking for C compiler default output file name
configure:3152: result: a.out
configure:3158: checking for suffix of executables
configure:3165: gcc -o conftest    conftest.c  >&5
configure:3169: $? = 0
configure:3191: result: 
configure:3213: checking whether we are cross compiling
configure:3251: result: yes
configure:3256: checking for suffix of object files
configure:3278: gcc -c   conftest.c >&5
configure:3282: $? = 0
configure:3303: result: o
configure:3307: checking whether we are using the GNU C compiler
configure:3326: gcc -c   conftest.c >&5
configure:3326: $? = 0
configure:3335: result: yes
configure:3344: checking whether gcc accepts -g
configure:3364: gcc -c -g  conftest.c >&5
configure:3364: $? = 0
configure:3405: result: yes
configure:3422: checking for gcc option to accept ISO C89
configure:3486: gcc  -c -g -O2  conftest.c >&5
configure:3486: $? = 0
configure:3499: result: none needed
configure:3530: checking for style of include used by make
configure:3558: result: GNU
configure:3583: checking dependency style of gcc
configure:3693: result: gcc3
configure:3709: checking whether ln -s works
configure:3713: result: yes
configure:3720: checking whether make sets $(MAKE)
configure:3742: result: yes
configure:3780: checking build system type
configure:3794: result: x86_64-pc-linux-gnu
configure:3814: checking host system type
configure:3827: result: arm-linux-eabi
configure:3868: checking how to print strings
configure:3895: result: printf
configure:3916: checking for a sed that does not truncate output
configure:3980: result: /usr/bin/sed
configure:3998: checking for grep that handles long lines and -e
configure:4056: result: /usr/bin/grep
configure:4061: checking for egrep
configure:4123: result: /usr/bin/grep -E
configure:4128: checking for fgrep
configure:4190: result: /usr/bin/grep -F
configure:4225: checking for ld used by gcc
configure:4292: result: /usr/llvm-gcc-4.2/libexec/gcc/i686-apple-darwin11/4.2.1/ld
configure:4299: checking if the linker (/usr/llvm-gcc-4.2/libexec/gcc/i686-apple-darwin11/4.2.1/ld) is GNU ld
configure:4314: result: no
configure:4326: checking for BSD- or MS-compatible name lister (nm)
configure:4375: result: no
configure:4389: checking for arm-linux-eabi-dumpbin
configure:4419: result: no
configure:4389: checking for arm-linux-eabi-link
configure:4419: result: no
configure:4433: checking for dumpbin
configure:4463: result: no
configure:4433: checking for link
configure:4449: found /bin/link
configure:4460: result: link -dump
configure:4505: checking the name lister (nm) interface
configure:4512: gcc -c -g -O2  conftest.c >&5
configure:4515: nm "conftest.o"
configure:4518: output
00000000000001c8 S _some_variable
configure:4525: result: BSD nm
configure:4529: checking the maximum length of command line arguments
configure:4654: result: 196608
configure:4671: checking whether the shell understands some XSI constructs
configure:4681: result: yes
configure:4685: checking whether the shell understands "+="
configure:4691: result: yes
configure:4726: checking how to convert x86_64-pc-linux-gnu file names to arm-linux-eabi format
configure:4766: result: func_convert_file_noop
configure:4773: checking how to convert x86_64-pc-linux-gnu file names to toolchain format
configure:4793: result: func_convert_file_noop
configure:4800: checking for /usr/llvm-gcc-4.2/libexec/gcc/i686-apple-darwin11/4.2.1/ld option to reload object files
configure:4807: result: -r
configure:4841: checking for arm-linux-eabi-objdump
configure:4871: result: no
configure:4881: checking for objdump
configure:4911: result: no
configure:4940: checking how to recognize dependent libraries
configure:5142: result: unknown
configure:5187: checking for arm-linux-eabi-dlltool
configure:5217: result: no
configure:5227: checking for dlltool
configure:5257: result: no
configure:5287: checking how to associate runtime and link libraries
configure:5314: result: printf %s\n
configure:5331: checking for arm-linux-eabi-ar
configure:5361: result: no
configure:5375: checking for ar
configure:5391: found /usr/bin/ar
configure:5402: result: ar
configure:5439: checking for archiver @FILE support
configure:5456: gcc -c -g -O2  conftest.c >&5
configure:5456: $? = 0
configure:5459: ar cru libconftest.a @conftest.lst >&5
ar: @conftest.lst: No such file or directory
configure:5462: $? = 1
configure:5482: result: no
configure:5500: checking for arm-linux-eabi-strip
configure:5527: result: strip
configure:5599: checking for arm-linux-eabi-ranlib
configure:5629: result: no
configure:5639: checking for ranlib
configure:5655: found /usr/bin/ranlib
configure:5666: result: ranlib
configure:5768: checking command to parse nm output from gcc object
configure:5887: gcc -c -g -O2  conftest.c >&5
configure:5890: $? = 0
configure:5894: nm conftest.o \| sed -n -e 's/^.*[ ]\([BCDEGRST][BCDEGRST]*\)[ ][ ]*\([_A-Za-z][_A-Za-z0-9]*\)$/\1 \2 \2/p' | sed '/ __gnu_lto/d' \> conftest.nm
configure:5897: $? = 0
cannot find nm_test_var in conftest.nm
configure:5887: gcc -c -g -O2  conftest.c >&5
configure:5890: $? = 0
configure:5894: nm conftest.o \| sed -n -e 's/^.*[ ]\([BCDEGRST][BCDEGRST]*\)[ ][ ]*_\([_A-Za-z][_A-Za-z0-9]*\)$/\1 _\2 \2/p' | sed '/ __gnu_lto/d' \> conftest.nm
configure:5897: $? = 0
configure:5963: gcc -o conftest -g -O2   conftest.c conftstm.o >&5
configure:5966: $? = 0
configure:6004: result: ok
configure:6041: checking for sysroot
configure:6071: result: no
configure:6274: checking for arm-linux-eabi-mt
configure:6304: result: no
configure:6314: checking for mt
configure:6344: result: no
configure:6364: checking if : is a manifest tool
configure:6370: : '-?'
configure:6378: result: no
configure:7010: checking how to run the C preprocessor
configure:7041: gcc -E  conftest.c
configure:7041: $? = 0
configure:7055: gcc -E  conftest.c
conftest.c:11:28: error: ac_nonexistent.h: No such file or directory
configure:7055: $? = 1
configure: failed program was:
| /* confdefs.h */
| #define PACKAGE_NAME "PROJ.4 Projections"
| #define PACKAGE_TARNAME "proj"
| #define PACKAGE_VERSION "4.8.0"
| #define PACKAGE_STRING "PROJ.4 Projections 4.8.0"
| #define PACKAGE_BUGREPORT "warmerdam@pobox.com"
| #define PACKAGE_URL ""
| #define PACKAGE "proj"
| #define VERSION "4.8.0"
| /* end confdefs.h.  */
| #include <ac_nonexistent.h>
configure:7080: result: gcc -E
configure:7100: gcc -E  conftest.c
configure:7100: $? = 0
configure:7114: gcc -E  conftest.c
conftest.c:11:28: error: ac_nonexistent.h: No such file or directory
configure:7114: $? = 1
configure: failed program was:
| /* confdefs.h */
| #define PACKAGE_NAME "PROJ.4 Projections"
| #define PACKAGE_TARNAME "proj"
| #define PACKAGE_VERSION "4.8.0"
| #define PACKAGE_STRING "PROJ.4 Projections 4.8.0"
| #define PACKAGE_BUGREPORT "warmerdam@pobox.com"
| #define PACKAGE_URL ""
| #define PACKAGE "proj"
| #define VERSION "4.8.0"
| /* end confdefs.h.  */
| #include <ac_nonexistent.h>
configure:7143: checking for ANSI C header files
configure:7163: gcc -c -g -O2  conftest.c >&5
configure:7163: $? = 0
configure:7247: result: yes
configure:7260: checking for sys/types.h
configure:7260: gcc -c -g -O2  conftest.c >&5
configure:7260: $? = 0
configure:7260: result: yes
configure:7260: checking for sys/stat.h
configure:7260: gcc -c -g -O2  conftest.c >&5
configure:7260: $? = 0
configure:7260: result: yes
configure:7260: checking for stdlib.h
configure:7260: gcc -c -g -O2  conftest.c >&5
configure:7260: $? = 0
configure:7260: result: yes
configure:7260: checking for string.h
configure:7260: gcc -c -g -O2  conftest.c >&5
configure:7260: $? = 0
configure:7260: result: yes
configure:7260: checking for memory.h
configure:7260: gcc -c -g -O2  conftest.c >&5
configure:7260: $? = 0
configure:7260: result: yes
configure:7260: checking for strings.h
configure:7260: gcc -c -g -O2  conftest.c >&5
configure:7260: $? = 0
configure:7260: result: yes
configure:7260: checking for inttypes.h
configure:7260: gcc -c -g -O2  conftest.c >&5
configure:7260: $? = 0
configure:7260: result: yes
configure:7260: checking for stdint.h
configure:7260: gcc -c -g -O2  conftest.c >&5
configure:7260: $? = 0
configure:7260: result: yes
configure:7260: checking for unistd.h
configure:7260: gcc -c -g -O2  conftest.c >&5
configure:7260: $? = 0
configure:7260: result: yes
configure:7274: checking for dlfcn.h
configure:7274: gcc -c -g -O2  conftest.c >&5
configure:7274: $? = 0
configure:7274: result: yes
configure:7461: checking for objdir
configure:7476: result: .libs
configure:7743: checking if gcc supports -fno-rtti -fno-exceptions
configure:7761: gcc -c -g -O2  -fno-rtti -fno-exceptions conftest.c >&5
cc1: warning: command line option "-fno-rtti" is valid for C++/ObjC++ but not for C
configure:7765: $? = 0
configure:7778: result: no
configure:8088: checking for gcc option to produce PIC
configure:8095: result: -fPIC -DPIC
configure:8103: checking if gcc PIC flag -fPIC -DPIC works
configure:8121: gcc -c -g -O2  -fPIC -DPIC -DPIC conftest.c >&5
configure:8125: $? = 0
configure:8138: result: yes
configure:8167: checking if gcc static flag -static works
configure:8195: result: no
configure:8210: checking if gcc supports -c -o file.o
configure:8231: gcc -c -g -O2  -o out/conftest2.o conftest.c >&5
configure:8235: $? = 0
configure:8257: result: yes
configure:8265: checking if gcc supports -c -o file.o
configure:8312: result: yes
configure:8345: checking whether the gcc linker (/usr/llvm-gcc-4.2/libexec/gcc/i686-apple-darwin11/4.2.1/ld) supports shared libraries
configure:9503: result: no
configure:9748: checking dynamic linker characteristics
configure:10484: result: no
configure:10591: checking how to hardcode library paths into programs
configure:10616: result: unsupported
configure:11156: checking whether stripping libraries is possible
configure:11178: result: no
configure:11196: checking if libtool supports shared libraries
configure:11198: result: no
configure:11201: checking whether to build shared libraries
configure:11222: result: no
configure:11225: checking whether to build static libraries
configure:11229: result: yes
configure:11265: checking for exp in -lm
configure:11290: gcc -o conftest -g -O2   conftest.c -lm   >&5
conftest.c:30: warning: conflicting types for built-in function 'exp'
configure:11290: $? = 0
configure:11299: result: yes
configure:11311: checking for ANSI C header files
configure:11415: result: yes
configure:11468: checking jni.h usability
configure:11468: gcc -c -g -O2  conftest.c >&5
conftest.c:58:17: error: jni.h: No such file or directory
configure:11468: $? = 1
configure: failed program was:
| /* confdefs.h */
| #define PACKAGE_NAME "PROJ.4 Projections"
| #define PACKAGE_TARNAME "proj"
| #define PACKAGE_VERSION "4.8.0"
| #define PACKAGE_STRING "PROJ.4 Projections 4.8.0"
| #define PACKAGE_BUGREPORT "warmerdam@pobox.com"
| #define PACKAGE_URL ""
| #define PACKAGE "proj"
| #define VERSION "4.8.0"
| #define STDC_HEADERS 1
| #define HAVE_SYS_TYPES_H 1
| #define HAVE_SYS_STAT_H 1
| #define HAVE_STDLIB_H 1
| #define HAVE_STRING_H 1
| #define HAVE_MEMORY_H 1
| #define HAVE_STRINGS_H 1
| #define HAVE_INTTYPES_H 1
| #define HAVE_STDINT_H 1
| #define HAVE_UNISTD_H 1
| #define HAVE_DLFCN_H 1
| #define LT_OBJDIR ".libs/"
| #define HAVE_LIBM 1
| #define STDC_HEADERS 1
| /* end confdefs.h.  */
| #include <stdio.h>
| #ifdef HAVE_SYS_TYPES_H
| # include <sys/types.h>
| #endif
| #ifdef HAVE_SYS_STAT_H
| # include <sys/stat.h>
| #endif
| #ifdef STDC_HEADERS
| # include <stdlib.h>
| # include <stddef.h>
| #else
| # ifdef HAVE_STDLIB_H
| #  include <stdlib.h>
| # endif
| #endif
| #ifdef HAVE_STRING_H
| # if !defined STDC_HEADERS && defined HAVE_MEMORY_H
| #  include <memory.h>
| # endif
| # include <string.h>
| #endif
| #ifdef HAVE_STRINGS_H
| # include <strings.h>
| #endif
| #ifdef HAVE_INTTYPES_H
| # include <inttypes.h>
| #endif
| #ifdef HAVE_STDINT_H
| # include <stdint.h>
| #endif
| #ifdef HAVE_UNISTD_H
| # include <unistd.h>
| #endif
| #include <jni.h>
configure:11468: result: no
configure:11468: checking jni.h presence
configure:11468: gcc -E  conftest.c
conftest.c:25:17: error: jni.h: No such file or directory
configure:11468: $? = 1
configure: failed program was:
| /* confdefs.h */
| #define PACKAGE_NAME "PROJ.4 Projections"
| #define PACKAGE_TARNAME "proj"
| #define PACKAGE_VERSION "4.8.0"
| #define PACKAGE_STRING "PROJ.4 Projections 4.8.0"
| #define PACKAGE_BUGREPORT "warmerdam@pobox.com"
| #define PACKAGE_URL ""
| #define PACKAGE "proj"
| #define VERSION "4.8.0"
| #define STDC_HEADERS 1
| #define HAVE_SYS_TYPES_H 1
| #define HAVE_SYS_STAT_H 1
| #define HAVE_STDLIB_H 1
| #define HAVE_STRING_H 1
| #define HAVE_MEMORY_H 1
| #define HAVE_STRINGS_H 1
| #define HAVE_INTTYPES_H 1
| #define HAVE_STDINT_H 1
| #define HAVE_UNISTD_H 1
| #define HAVE_DLFCN_H 1
| #define LT_OBJDIR ".libs/"
| #define HAVE_LIBM 1
| #define STDC_HEADERS 1
| /* end confdefs.h.  */
| #include <jni.h>
configure:11468: result: no
configure:11468: checking for jni.h
configure:11468: result: no
configure:11479: checking whether to enable Java/JNI support
configure:11483: result: disabled
configure:11512: checking for mutexes
configure:11516: result: enabled, pthread
configure:11663: creating ./config.status

## ---------------------- ##
## Running config.status. ##
## ---------------------- ##

This file was extended by PROJ.4 Projections config.status 4.8.0, which was
generated by GNU Autoconf 2.68.  Invocation command line was

  CONFIG_FILES    = 
  CONFIG_HEADERS  = 
  CONFIG_LINKS    = 
  CONFIG_COMMANDS = 
  $ ./config.status 

on JaakMBP.local

config.status:1099: creating Makefile
config.status:1099: creating src/Makefile
config.status:1099: creating man/Makefile
config.status:1099: creating man/man1/Makefile
config.status:1099: creating man/man3/Makefile
config.status:1099: creating nad/Makefile
config.status:1099: creating jniwrap/Makefile
config.status:1099: creating jniwrap/org/Makefile
config.status:1099: creating jniwrap/org/proj4/Makefile
config.status:1099: creating src/proj_config.h
config.status:1328: executing depfiles commands
config.status:1328: executing libtool commands
configure:14051: creating ./config.status

## ---------------------- ##
## Running config.status. ##
## ---------------------- ##

This file was extended by PROJ.4 Projections config.status 4.8.0, which was
generated by GNU Autoconf 2.68.  Invocation command line was

  CONFIG_FILES    = 
  CONFIG_HEADERS  = 
  CONFIG_LINKS    = 
  CONFIG_COMMANDS = 
  $ ./config.status 

on JaakMBP.local

config.status:1101: creating Makefile
config.status:1101: creating src/Makefile
config.status:1101: creating man/Makefile
config.status:1101: creating man/man1/Makefile
config.status:1101: creating man/man3/Makefile
config.status:1101: creating nad/Makefile
config.status:1101: creating jniwrap/Makefile
config.status:1101: creating jniwrap/org/Makefile
config.status:1101: creating jniwrap/org/proj4/Makefile
config.status:1101: creating proj.pc
config.status:1101: creating src/proj_config.h
config.status:1282: src/proj_config.h is unchanged
config.status:1330: executing depfiles commands
config.status:1330: executing libtool commands

## ---------------- ##
## Cache variables. ##
## ---------------- ##

ac_cv_build=x86_64-pc-linux-gnu
ac_cv_c_compiler_gnu=yes
ac_cv_env_CC_set=
ac_cv_env_CC_value=
ac_cv_env_CFLAGS_set=
ac_cv_env_CFLAGS_value=
ac_cv_env_CPPFLAGS_set=
ac_cv_env_CPPFLAGS_value=
ac_cv_env_CPP_set=
ac_cv_env_CPP_value=
ac_cv_env_LDFLAGS_set=
ac_cv_env_LDFLAGS_value=
ac_cv_env_LIBS_set=
ac_cv_env_LIBS_value=
ac_cv_env_build_alias_set=set
ac_cv_env_build_alias_value=x86_64-pc-linux-gnu
ac_cv_env_host_alias_set=set
ac_cv_env_host_alias_value=arm-linux-eabi
ac_cv_env_target_alias_set=
ac_cv_env_target_alias_value=
ac_cv_header_dlfcn_h=yes
ac_cv_header_inttypes_h=yes
ac_cv_header_jni_h=no
ac_cv_header_memory_h=yes
ac_cv_header_stdc=yes
ac_cv_header_stdint_h=yes
ac_cv_header_stdlib_h=yes
ac_cv_header_string_h=yes
ac_cv_header_strings_h=yes
ac_cv_header_sys_stat_h=yes
ac_cv_header_sys_types_h=yes
ac_cv_header_unistd_h=yes
ac_cv_host=arm-linux-eabi
ac_cv_lib_m_exp=yes
ac_cv_objext=o
ac_cv_path_EGREP='/usr/bin/grep -E'
ac_cv_path_FGREP='/usr/bin/grep -F'
ac_cv_path_GREP=/usr/bin/grep
ac_cv_path_SED=/usr/bin/sed
ac_cv_path_install='/usr/bin/install -c'
ac_cv_prog_AWK=awk
ac_cv_prog_CPP='gcc -E'
ac_cv_prog_STRIP=strip
ac_cv_prog_ac_ct_AR=ar
ac_cv_prog_ac_ct_CC=gcc
ac_cv_prog_ac_ct_DUMPBIN='link -dump'
ac_cv_prog_ac_ct_RANLIB=ranlib
ac_cv_prog_ac_ct_STRIP=strip
ac_cv_prog_cc_c89=
ac_cv_prog_cc_g=yes
ac_cv_prog_make_make_set=yes
am_cv_CC_dependencies_compiler_type=gcc3
lt_cv_ar_at_file=no
lt_cv_deplibs_check_method=unknown
lt_cv_file_magic_cmd='$MAGIC_CMD'
lt_cv_file_magic_test_file=
lt_cv_ld_reload_flag=-r
lt_cv_nm_interface='BSD nm'
lt_cv_objdir=.libs
lt_cv_path_LD=/usr/llvm-gcc-4.2/libexec/gcc/i686-apple-darwin11/4.2.1/ld
lt_cv_path_NM=no
lt_cv_path_mainfest_tool=no
lt_cv_prog_compiler_c_o=yes
lt_cv_prog_compiler_pic='-fPIC -DPIC'
lt_cv_prog_compiler_pic_works=yes
lt_cv_prog_compiler_rtti_exceptions=no
lt_cv_prog_compiler_static_works=no
lt_cv_prog_gnu_ld=no
lt_cv_sharedlib_from_linklib_cmd='printf %s\n'
lt_cv_sys_global_symbol_pipe='sed -n -e '\''s/^.*[	 ]\([BCDEGRST][BCDEGRST]*\)[	 ][	 ]*_\([_A-Za-z][_A-Za-z0-9]*\)$/\1 _\2 \2/p'\'' | sed '\''/ __gnu_lto/d'\'''
lt_cv_sys_global_symbol_to_c_name_address='sed -n -e '\''s/^: \([^ ]*\)[ ]*$/  {\"\1\", (void *) 0},/p'\'' -e '\''s/^[BCDEGRST]* \([^ ]*\) \([^ ]*\)$/  {"\2", (void *) \&\2},/p'\'''
lt_cv_sys_global_symbol_to_c_name_address_lib_prefix='sed -n -e '\''s/^: \([^ ]*\)[ ]*$/  {\"\1\", (void *) 0},/p'\'' -e '\''s/^[BCDEGRST]* \([^ ]*\) \(lib[^ ]*\)$/  {"\2", (void *) \&\2},/p'\'' -e '\''s/^[BCDEGRST]* \([^ ]*\) \([^ ]*\)$/  {"lib\2", (void *) \&\2},/p'\'''
lt_cv_sys_global_symbol_to_cdecl='sed -n -e '\''s/^T .* \(.*\)$/extern int \1();/p'\'' -e '\''s/^[BCDEGRST]* .* \(.*\)$/extern char \1;/p'\'''
lt_cv_sys_max_cmd_len=196608
lt_cv_to_host_file_cmd=func_convert_file_noop
lt_cv_to_tool_file_cmd=func_convert_file_noop

## ----------------- ##
## Output variables. ##
## ----------------- ##

ACLOCAL='${SHELL} /Users/jaak/git/hellomap-private/AdvancedMap3D/jni/proj-4.8.0/missing --run aclocal-1.11'
AMDEPBACKSLASH='\'
AMDEP_FALSE='#'
AMDEP_TRUE=''
AMTAR='${SHELL} /Users/jaak/git/hellomap-private/AdvancedMap3D/jni/proj-4.8.0/missing --run tar'
AR='ar'
AUTOCONF='${SHELL} /Users/jaak/git/hellomap-private/AdvancedMap3D/jni/proj-4.8.0/missing --run autoconf'
AUTOHEADER='${SHELL} /Users/jaak/git/hellomap-private/AdvancedMap3D/jni/proj-4.8.0/missing --run autoheader'
AUTOMAKE='${SHELL} /Users/jaak/git/hellomap-private/AdvancedMap3D/jni/proj-4.8.0/missing --run automake-1.11'
AWK='awk'
CC='gcc'
CCDEPMODE='depmode=gcc3'
CFLAGS='-g -O2'
CPP='gcc -E'
CPPFLAGS=''
CYGPATH_W='echo'
DEFS='-DHAVE_CONFIG_H'
DEPDIR='.deps'
DLLTOOL='false'
DSYMUTIL=''
DUMPBIN=':'
ECHO_C='\c'
ECHO_N=''
ECHO_T=''
EGREP='/usr/bin/grep -E'
EXEEXT=''
FGREP='/usr/bin/grep -F'
GREP='/usr/bin/grep'
INSTALL_DATA='${INSTALL} -m 644'
INSTALL_PROGRAM='${INSTALL}'
INSTALL_SCRIPT='${INSTALL}'
INSTALL_STRIP_PROGRAM='$(install_sh) -c -s'
JNI_INCLUDE=''
LD='/usr/llvm-gcc-4.2/libexec/gcc/i686-apple-darwin11/4.2.1/ld'
LDFLAGS=''
LIBOBJS=''
LIBS='-lm '
LIBTOOL='$(SHELL) $(top_builddir)/libtool'
LIPO=''
LN_S='ln -s'
LTLIBOBJS=''
MAINT='#'
MAINTAINER_MODE_FALSE=''
MAINTAINER_MODE_TRUE='#'
MAKEINFO='${SHELL} /Users/jaak/git/hellomap-private/AdvancedMap3D/jni/proj-4.8.0/missing --run makeinfo'
MANIFEST_TOOL=':'
MKDIR_P='./install-sh -c -d'
MUTEX_SETTING='pthread'
NM='nm'
NMEDIT=''
OBJDUMP='false'
OBJEXT='o'
OTOOL64=''
OTOOL=''
PACKAGE='proj'
PACKAGE_BUGREPORT='warmerdam@pobox.com'
PACKAGE_NAME='PROJ.4 Projections'
PACKAGE_STRING='PROJ.4 Projections 4.8.0'
PACKAGE_TARNAME='proj'
PACKAGE_URL=''
PACKAGE_VERSION='4.8.0'
PATH_SEPARATOR=':'
RANLIB='ranlib'
SED='/usr/bin/sed'
SET_MAKE=''
SHELL='/bin/sh'
STRIP='strip'
VERSION='4.8.0'
ac_ct_AR='ar'
ac_ct_CC='gcc'
ac_ct_DUMPBIN='link -dump'
am__EXEEXT_FALSE=''
am__EXEEXT_TRUE='#'
am__fastdepCC_FALSE='#'
am__fastdepCC_TRUE=''
am__include='include'
am__isrc=''
am__leading_dot='.'
am__quote=''
am__tar='${AMTAR} chof - "$$tardir"'
am__untar='${AMTAR} xf -'
bindir='${exec_prefix}/bin'
build='x86_64-pc-linux-gnu'
build_alias='x86_64-pc-linux-gnu'
build_cpu='x86_64'
build_os='linux-gnu'
build_vendor='pc'
datadir='${datarootdir}'
datarootdir='${prefix}/share'
docdir='${datarootdir}/doc/${PACKAGE_TARNAME}'
dvidir='${docdir}'
exec_prefix='${prefix}'
host='arm-linux-eabi'
host_alias='arm-linux-eabi'
host_cpu='arm'
host_os='eabi'
host_vendor='linux'
htmldir='${docdir}'
includedir='${prefix}/include'
infodir='${datarootdir}/info'
install_sh='${SHELL} /Users/jaak/git/hellomap-private/AdvancedMap3D/jni/proj-4.8.0/install-sh'
libdir='${exec_prefix}/lib'
libexecdir='${exec_prefix}/libexec'
localedir='${datarootdir}/locale'
localstatedir='${prefix}/var'
mandir='${datarootdir}/man'
mkdir_p='$(top_builddir)/./install-sh -c -d'
oldincludedir='/usr/include'
pdfdir='${docdir}'
prefix='/usr/local'
program_transform_name='s,x,x,'
psdir='${docdir}'
sbindir='${exec_prefix}/sbin'
sharedstatedir='${prefix}/com'
sysconfdir='${prefix}/etc'
target_alias=''

## ----------- ##
## confdefs.h. ##
## ----------- ##

/* confdefs.h */
#define PACKAGE_NAME "PROJ.4 Projections"
#define PACKAGE_TARNAME "proj"
#define PACKAGE_VERSION "4.8.0"
#define PACKAGE_STRING "PROJ.4 Projections 4.8.0"
#define PACKAGE_BUGREPORT "warmerdam@pobox.com"
#define PACKAGE_URL ""
#define PACKAGE "proj"
#define VERSION "4.8.0"
#define STDC_HEADERS 1
#define HAVE_SYS_TYPES_H 1
#define HAVE_SYS_STAT_H 1
#define HAVE_STDLIB_H 1
#define HAVE_STRING_H 1
#define HAVE_MEMORY_H 1
#define HAVE_STRINGS_H 1
#define HAVE_INTTYPES_H 1
#define HAVE_STDINT_H 1
#define HAVE_UNISTD_H 1
#define HAVE_DLFCN_H 1
#define LT_OBJDIR ".libs/"
#define HAVE_LIBM 1
#define STDC_HEADERS 1

configure: exit 0
